Using pre-set license
Built from '2020.2/release' branch; Version is '2020.2.0f1 (3721df5a8b28) revision 3613151'; Using compiler version '192528614'; Build Type 'Release'
OS: 'Windows 10  (10.0.0) 64bit' Language: 'en' Physical Memory: 16270 MB
BatchMode: 1, IsHumanControllingUs: 0, StartBugReporterOnCrash: 0, Is64bit: 1, IsPro: 0

 COMMAND LINE ARGUMENTS:
C:\Program Files\Unity\Hub\Editor\2020.2.0f1\Editor\Unity.exe
-adb2
-batchMode
-noUpm
-name
AssetImportWorker0
-projectPath
C:/Users/eric/Desktop/Game Programming 2021/Physics/Eric_Galway_GAME3002_A1
-logFile
Logs/AssetImportWorker0.log
-srvPort
61429
Successfully changed project path to: C:/Users/eric/Desktop/Game Programming 2021/Physics/Eric_Galway_GAME3002_A1
C:/Users/eric/Desktop/Game Programming 2021/Physics/Eric_Galway_GAME3002_A1
Using Asset Import Pipeline V2.
Refreshing native plugins compatible for Editor in 21.94 ms, found 0 plugins.
Preloading 0 native plugins for Editor in 0.00 ms.
Initialize engine version: 2020.2.0f1 (3721df5a8b28)
[Subsystems] Discovering subsystems at path C:/Program Files/Unity/Hub/Editor/2020.2.0f1/Editor/Data/Resources/UnitySubsystems
[Subsystems] Discovering subsystems at path C:/Users/eric/Desktop/Game Programming 2021/Physics/Eric_Galway_GAME3002_A1/Assets
GfxDevice: creating device client; threaded=0
Direct3D:
    Version:  Direct3D 11.0 [level 11.1]
    Renderer: NVIDIA GeForce GTX 1660 SUPER (ID=0x21c4)
    Vendor:   
    VRAM:     5991 MB
    Driver:   27.21.14.5671
Initialize mono
Mono path[0] = 'C:/Program Files/Unity/Hub/Editor/2020.2.0f1/Editor/Data/Managed'
Mono path[1] = 'C:/Program Files/Unity/Hub/Editor/2020.2.0f1/Editor/Data/MonoBleedingEdge/lib/mono/unityjit'
Mono config path = 'C:/Program Files/Unity/Hub/Editor/2020.2.0f1/Editor/Data/MonoBleedingEdge/etc'
Using monoOptions --debugger-agent=transport=dt_socket,embedding=1,server=y,suspend=n,address=127.0.0.1:56992
Begin MonoManager ReloadAssembly
Registering precompiled unity dll's ...
Register platform support module: C:/Program Files/Unity/Hub/Editor/2020.2.0f1/Editor/Data/PlaybackEngines/WindowsStandaloneSupport/UnityEditor.WindowsStandalone.Extensions.dll
Registered in 0.001936 seconds.
Native extension for WindowsStandalone target not found
Refreshing native plugins compatible for Editor in 22.31 ms, found 0 plugins.
Preloading 0 native plugins for Editor in 0.00 ms.
Invoked RoslynAnalysisRunner static constructor.
RoslynAnalysisRunner will not be running.
RoslynAnalysisRunner has terminated.
Mono: successfully reloaded assembly
- Completed reload, in  1.161 seconds
Platform modules already initialized, skipping
Registering precompiled user dll's ...
Registered in 0.000640 seconds.
Begin MonoManager ReloadAssembly
Native extension for WindowsStandalone target not found
Refreshing native plugins compatible for Editor in 0.24 ms, found 0 plugins.
Preloading 0 native plugins for Editor in 0.00 ms.
Invoked RoslynAnalysisRunner static constructor.
RoslynAnalysisRunner will not be running.
RoslynAnalysisRunner has terminated.
Mono: successfully reloaded assembly
- Completed reload, in  0.956 seconds
Platform modules already initialized, skipping
========================================================================
Worker process is ready to serve import requests
Launched and connected shader compiler UnityShaderCompiler.exe after 0.03 seconds
Refreshing native plugins compatible for Editor in 0.23 ms, found 0 plugins.
Preloading 0 native plugins for Editor in 0.00 ms.
Unloading 1094 Unused Serialized files (Serialized files now loaded: 0)
System memory in use before: 56.7 MB.
System memory in use after: 56.7 MB.

Unloading 10 unused Assets to reduce memory usage. Loaded Objects now: 1535.
Total: 1.712300 ms (FindLiveObjects: 0.124700 ms CreateObjectMapping: 0.044300 ms MarkObjects: 1.463700 ms  DeleteObjects: 0.078800 ms)

========================================================================
Received Import Request.
  path: Assets/Saha.fbx
  artifactKey: Guid(a664e099ef3d4af499cf7aaff2980ebf) Importer(815301076,1909f56bfc062723c751e8b465ee728b)
Start importing Assets/Saha.fbx using Guid(a664e099ef3d4af499cf7aaff2980ebf) Importer(815301076,1909f56bfc062723c751e8b465ee728b)  -> (artifact id: '1e9201f2c39c618a454dc16aaca43313') in 0.486863 seconds
  Import took 0.490693 seconds .

========================================================================
Received Prepare
Registering precompiled user dll's ...
Registered in 0.000715 seconds.
Begin MonoManager ReloadAssembly
Native extension for WindowsStandalone target not found
Refreshing native plugins compatible for Editor in 0.24 ms, found 0 plugins.
Preloading 0 native plugins for Editor in 0.00 ms.
Invoked RoslynAnalysisRunner static constructor.
RoslynAnalysisRunner will not be running.
RoslynAnalysisRunner has terminated.
Mono: successfully reloaded assembly
- Completed reload, in  0.834 seconds
Platform modules already initialized, skipping
Refreshing native plugins compatible for Editor in 0.25 ms, found 0 plugins.
Preloading 0 native plugins for Editor in 0.00 ms.
Unloading 1089 Unused Serialized files (Serialized files now loaded: 0)
System memory in use before: 60.3 MB.
System memory in use after: 60.4 MB.

Unloading 6 unused Assets to reduce memory usage. Loaded Objects now: 1580.
Total: 1.689300 ms (FindLiveObjects: 0.142600 ms CreateObjectMapping: 0.042100 ms MarkObjects: 1.453400 ms  DeleteObjects: 0.050000 ms)

========================================================================
Received Import Request.
  Time since last request: 333.254860 seconds.
  path: Assets/Saha.fbx
  artifactKey: Guid(a664e099ef3d4af499cf7aaff2980ebf) Importer(815301076,1909f56bfc062723c751e8b465ee728b)
Start importing Assets/Saha.fbx using Guid(a664e099ef3d4af499cf7aaff2980ebf) Importer(815301076,1909f56bfc062723c751e8b465ee728b)  -> (artifact id: '400e5a596c0a4d4d1a0b6de099c74c4c') in 0.329957 seconds
  Import took 0.335394 seconds .

========================================================================
Received Prepare
Registering precompiled user dll's ...
Registered in 0.000775 seconds.
Begin MonoManager ReloadAssembly
Native extension for WindowsStandalone target not found
Refreshing native plugins compatible for Editor in 0.24 ms, found 0 plugins.
Preloading 0 native plugins for Editor in 0.00 ms.
Invoked RoslynAnalysisRunner static constructor.
RoslynAnalysisRunner will not be running.
RoslynAnalysisRunner has terminated.
Mono: successfully reloaded assembly
- Completed reload, in  0.874 seconds
Platform modules already initialized, skipping
Refreshing native plugins compatible for Editor in 0.25 ms, found 0 plugins.
Preloading 0 native plugins for Editor in 0.00 ms.
Unloading 1089 Unused Serialized files (Serialized files now loaded: 0)
System memory in use before: 60.5 MB.
System memory in use after: 60.6 MB.

Unloading 6 unused Assets to reduce memory usage. Loaded Objects now: 1583.
Total: 1.856000 ms (FindLiveObjects: 0.127600 ms CreateObjectMapping: 0.043500 ms MarkObjects: 1.634700 ms  DeleteObjects: 0.049300 ms)

========================================================================
Received Import Request.
  Time since last request: 616.760956 seconds.
  path: Assets/3d-model.fbx
  artifactKey: Guid(ffb61a7eed213a946a5498e36eb5fa8a) Importer(815301076,1909f56bfc062723c751e8b465ee728b)
Start importing Assets/3d-model.fbx using Guid(ffb61a7eed213a946a5498e36eb5fa8a) Importer(815301076,1909f56bfc062723c751e8b465ee728b)  -> (artifact id: '813c093bc112f26de8b929d48beec8dc') in 1.955802 seconds
  Import took 1.962926 seconds .

========================================================================
Received Import Request.
  Time since last request: 33.044688 seconds.
  path: Assets/3d-model.fbx
  artifactKey: Guid(ffb61a7eed213a946a5498e36eb5fa8a) Importer(815301076,1909f56bfc062723c751e8b465ee728b)
Start importing Assets/3d-model.fbx using Guid(ffb61a7eed213a946a5498e36eb5fa8a) Importer(815301076,1909f56bfc062723c751e8b465ee728b)  -> (artifact id: 'e819d2d658df2a4fbd5329a29020a67f') in 0.599720 seconds
  Import took 0.604358 seconds .

========================================================================
Received Import Request.
  Time since last request: 394.478937 seconds.
  path: Assets/3d-model.dae
  artifactKey: Guid(2bd198f511230034da5cb68988f8bbee) Importer(815301076,1909f56bfc062723c751e8b465ee728b)
Start importing Assets/3d-model.dae using Guid(2bd198f511230034da5cb68988f8bbee) Importer(815301076,1909f56bfc062723c751e8b465ee728b)  -> (artifact id: '6e6cde355e01fabb0ac2effb385dce16') in 0.508697 seconds
  Import took 0.512339 seconds .

========================================================================
Received Import Request.
  Time since last request: 22.684057 seconds.
  path: Assets/Scenes
  artifactKey: Guid(9c2df0332593655499e7b2760a9ad7a2) Importer(815301076,1909f56bfc062723c751e8b465ee728b)
Start importing Assets/Scenes using Guid(9c2df0332593655499e7b2760a9ad7a2) Importer(815301076,1909f56bfc062723c751e8b465ee728b)  -> (artifact id: '1b6eb1666fcd6ad82528303b93a3ba59') in 0.007352 seconds
  Import took 0.009776 seconds .

========================================================================
Received Import Request.
  Time since last request: 0.001083 seconds.
  path: Assets/Scenes
  artifactKey: Guid(9c2df0332593655499e7b2760a9ad7a2) Importer(815301076,1909f56bfc062723c751e8b465ee728b)
Start importing Assets/Scenes using Guid(9c2df0332593655499e7b2760a9ad7a2) Importer(815301076,1909f56bfc062723c751e8b465ee728b)  -> (artifact id: '1b6eb1666fcd6ad82528303b93a3ba59') in 0.002880 seconds
  Import took 0.004878 seconds .

========================================================================
Received Prepare
Registering precompiled user dll's ...
Registered in 0.000768 seconds.
Begin MonoManager ReloadAssembly
Native extension for WindowsStandalone target not found
Refreshing native plugins compatible for Editor in 0.24 ms, found 0 plugins.
Preloading 0 native plugins for Editor in 0.00 ms.
Invoked RoslynAnalysisRunner static constructor.
RoslynAnalysisRunner will not be running.
RoslynAnalysisRunner has terminated.
Mono: successfully reloaded assembly
- Completed reload, in  0.952 seconds
Platform modules already initialized, skipping
Refreshing native plugins compatible for Editor in 0.26 ms, found 0 plugins.
Preloading 0 native plugins for Editor in 0.00 ms.
Unloading 1089 Unused Serialized files (Serialized files now loaded: 0)
System memory in use before: 61.8 MB.
System memory in use after: 61.9 MB.

Unloading 5 unused Assets to reduce memory usage. Loaded Objects now: 1586.
Total: 1.838200 ms (FindLiveObjects: 0.232200 ms CreateObjectMapping: 0.063800 ms MarkObjects: 1.485600 ms  DeleteObjects: 0.055000 ms)

========================================================================
Received Import Request.
  Time since last request: 922.810549 seconds.
  path: Assets
  artifactKey: Guid(00000000000000001000000000000000) Importer(815301076,1909f56bfc062723c751e8b465ee728b)
Start importing Assets using Guid(00000000000000001000000000000000) Importer(815301076,1909f56bfc062723c751e8b465ee728b)  -> (artifact id: 'b41cfa13f056e58f64cf5f3363de7353') in 0.009560 seconds
  Import took 0.011812 seconds .

========================================================================
Received Import Request.
  Time since last request: 17.383617 seconds.
  path: Assets/Soccer Ball
  artifactKey: Guid(106ea53f85a84cf418fc7ef9cf9d150f) Importer(815301076,1909f56bfc062723c751e8b465ee728b)
Start importing Assets/Soccer Ball using Guid(106ea53f85a84cf418fc7ef9cf9d150f) Importer(815301076,1909f56bfc062723c751e8b465ee728b)  -> (artifact id: 'a5f5b09e5ee635f8672599627fed237b') in 0.007818 seconds
  Import took 0.010130 seconds .

========================================================================
Received Import Request.
  Time since last request: 0.000350 seconds.
  path: Assets/Soccer Ball
  artifactKey: Guid(106ea53f85a84cf418fc7ef9cf9d150f) Importer(815301076,1909f56bfc062723c751e8b465ee728b)
Start importing Assets/Soccer Ball using Guid(106ea53f85a84cf418fc7ef9cf9d150f) Importer(815301076,1909f56bfc062723c751e8b465ee728b)  -> (artifact id: 'a5f5b09e5ee635f8672599627fed237b') in 0.002694 seconds
  Import took 0.004581 seconds .

========================================================================
Received Import Request.
  Time since last request: 2.752437 seconds.
  path: Assets/Soccer Ball/Prefabs
  artifactKey: Guid(0568f5915658c3f4fa3c842868a406ee) Importer(815301076,1909f56bfc062723c751e8b465ee728b)
Start importing Assets/Soccer Ball/Prefabs using Guid(0568f5915658c3f4fa3c842868a406ee) Importer(815301076,1909f56bfc062723c751e8b465ee728b)  -> (artifact id: '8233dc933e5b7103d29f98642d39f9cb') in 0.007622 seconds
  Import took 0.010175 seconds .

========================================================================
Received Import Request.
  Time since last request: 0.001202 seconds.
  path: Assets/Soccer Ball/Prefabs
  artifactKey: Guid(0568f5915658c3f4fa3c842868a406ee) Importer(815301076,1909f56bfc062723c751e8b465ee728b)
Start importing Assets/Soccer Ball/Prefabs using Guid(0568f5915658c3f4fa3c842868a406ee) Importer(815301076,1909f56bfc062723c751e8b465ee728b)  -> (artifact id: '8233dc933e5b7103d29f98642d39f9cb') in 0.002865 seconds
  Import took 0.004975 seconds .

========================================================================
Received Prepare
Registering precompiled user dll's ...
Registered in 0.000681 seconds.
Begin MonoManager ReloadAssembly
Native extension for WindowsStandalone target not found
Refreshing native plugins compatible for Editor in 0.25 ms, found 0 plugins.
Preloading 0 native plugins for Editor in 0.00 ms.
Invoked RoslynAnalysisRunner static constructor.
RoslynAnalysisRunner will not be running.
RoslynAnalysisRunner has terminated.
Mono: successfully reloaded assembly
- Completed reload, in  0.862 seconds
Platform modules already initialized, skipping
Refreshing native plugins compatible for Editor in 0.25 ms, found 0 plugins.
Preloading 0 native plugins for Editor in 0.00 ms.
Unloading 1089 Unused Serialized files (Serialized files now loaded: 0)
System memory in use before: 61.9 MB.
System memory in use after: 62.0 MB.

Unloading 5 unused Assets to reduce memory usage. Loaded Objects now: 1588.
Total: 1.647100 ms (FindLiveObjects: 0.131600 ms CreateObjectMapping: 0.043000 ms MarkObjects: 1.427000 ms  DeleteObjects: 0.044600 ms)

========================================================================
Received Import Request.
  Time since last request: 304.849626 seconds.
  path: Assets/Scenes/SampleScene.unity
  artifactKey: Guid(9fc0d4010bbf28b4594072e72b8655ab) Importer(815301076,1909f56bfc062723c751e8b465ee728b)
Start importing Assets/Scenes/SampleScene.unity using Guid(9fc0d4010bbf28b4594072e72b8655ab) Importer(815301076,1909f56bfc062723c751e8b465ee728b)  -> (artifact id: 'fd0de368a36be2462c316be83692fe5a') in 0.022381 seconds
  Import took 0.024929 seconds .

========================================================================
Received Import Request.
  Time since last request: 5.333586 seconds.
  path: Assets/Scenes/MainLevel.unity
  artifactKey: Guid(9fc0d4010bbf28b4594072e72b8655ab) Importer(815301076,1909f56bfc062723c751e8b465ee728b)
Start importing Assets/Scenes/MainLevel.unity using Guid(9fc0d4010bbf28b4594072e72b8655ab) Importer(815301076,1909f56bfc062723c751e8b465ee728b)  -> (artifact id: '2057a15ed0953b65fc48cf5d082dc138') in 0.009338 seconds
  Import took 0.012084 seconds .

========================================================================
Received Import Request.
  Time since last request: 129.903619 seconds.
  path: Assets/Soccer Ball/Textures
  artifactKey: Guid(6faa3d855cf626b4a9c681d552256f42) Importer(815301076,1909f56bfc062723c751e8b465ee728b)
Start importing Assets/Soccer Ball/Textures using Guid(6faa3d855cf626b4a9c681d552256f42) Importer(815301076,1909f56bfc062723c751e8b465ee728b)  -> (artifact id: '668aa1f8c1ce4cfcd37bd95b3af52b38') in 0.008224 seconds
  Import took 0.011020 seconds .

========================================================================
Received Import Request.
  Time since last request: 0.001183 seconds.
  path: Assets/Soccer Ball/Textures
  artifactKey: Guid(6faa3d855cf626b4a9c681d552256f42) Importer(815301076,1909f56bfc062723c751e8b465ee728b)
Start importing Assets/Soccer Ball/Textures using Guid(6faa3d855cf626b4a9c681d552256f42) Importer(815301076,1909f56bfc062723c751e8b465ee728b)  -> (artifact id: '668aa1f8c1ce4cfcd37bd95b3af52b38') in 0.003512 seconds
  Import took 0.005926 seconds .

========================================================================
Received Prepare
Registering precompiled user dll's ...
Registered in 0.000750 seconds.
Begin MonoManager ReloadAssembly
Native extension for WindowsStandalone target not found
Refreshing native plugins compatible for Editor in 0.25 ms, found 0 plugins.
Preloading 0 native plugins for Editor in 0.00 ms.
Invoked RoslynAnalysisRunner static constructor.
RoslynAnalysisRunner will not be running.
RoslynAnalysisRunner has terminated.
Mono: successfully reloaded assembly
- Completed reload, in  0.881 seconds
Platform modules already initialized, skipping
Refreshing native plugins compatible for Editor in 0.25 ms, found 0 plugins.
Preloading 0 native plugins for Editor in 0.00 ms.
Unloading 1089 Unused Serialized files (Serialized files now loaded: 0)
System memory in use before: 62.1 MB.
System memory in use after: 62.2 MB.

Unloading 5 unused Assets to reduce memory usage. Loaded Objects now: 1590.
Total: 1.836600 ms (FindLiveObjects: 0.209000 ms CreateObjectMapping: 0.066600 ms MarkObjects: 1.510200 ms  DeleteObjects: 0.049500 ms)

========================================================================
Received Prepare
Registering precompiled user dll's ...
Registered in 0.000679 seconds.
Begin MonoManager ReloadAssembly
Native extension for WindowsStandalone target not found
Refreshing native plugins compatible for Editor in 0.25 ms, found 0 plugins.
Preloading 0 native plugins for Editor in 0.00 ms.
Invoked RoslynAnalysisRunner static constructor.
RoslynAnalysisRunner will not be running.
RoslynAnalysisRunner has terminated.
Mono: successfully reloaded assembly
- Completed reload, in  0.866 seconds
Platform modules already initialized, skipping
Refreshing native plugins compatible for Editor in 0.25 ms, found 0 plugins.
Preloading 0 native plugins for Editor in 0.00 ms.
Unloading 1089 Unused Serialized files (Serialized files now loaded: 0)
System memory in use before: 62.2 MB.
System memory in use after: 62.3 MB.

Unloading 5 unused Assets to reduce memory usage. Loaded Objects now: 1592.
Total: 1.624600 ms (FindLiveObjects: 0.130300 ms CreateObjectMapping: 0.041600 ms MarkObjects: 1.409300 ms  DeleteObjects: 0.042700 ms)

========================================================================
Received Import Request.
  Time since last request: 360.148207 seconds.
  path: Assets/Soccer Ball/Prefabs/Soccer Ball.prefab
  artifactKey: Guid(ec3e8f3ed27e2244caaedaf589590a03) Importer(815301076,1909f56bfc062723c751e8b465ee728b)
Start importing Assets/Soccer Ball/Prefabs/Soccer Ball.prefab using Guid(ec3e8f3ed27e2244caaedaf589590a03) Importer(815301076,1909f56bfc062723c751e8b465ee728b)  -> (artifact id: 'c7a6f7563bac965d153962b321a64818') in 0.084735 seconds
  Import took 0.087559 seconds .

========================================================================
Received Import Request.
  Time since last request: 144.256766 seconds.
  path: Assets/Saha.png
  artifactKey: Guid(8972219dac4ac97428c01e5c59ce37e0) Importer(815301076,1909f56bfc062723c751e8b465ee728b)
Start importing Assets/Saha.png using Guid(8972219dac4ac97428c01e5c59ce37e0) Importer(815301076,1909f56bfc062723c751e8b465ee728b)  -> (artifact id: '24319a5c9698d73bdde77c273ae7b993') in 0.046068 seconds
  Import took 0.048833 seconds .

========================================================================
Received Import Request.
  Time since last request: 0.000248 seconds.
  path: Assets/SoccerField.fbx
  artifactKey: Guid(4352775754934ba46913b78ba5b157e0) Importer(815301076,1909f56bfc062723c751e8b465ee728b)
Start importing Assets/SoccerField.fbx using Guid(4352775754934ba46913b78ba5b157e0) Importer(815301076,1909f56bfc062723c751e8b465ee728b)  -> (artifact id: '6907f80255be3f5d2c8e6ca4806c7839') in 0.269749 seconds
  Import took 0.273861 seconds .

AssetImportWorkerClient::OnTransportError - code=2 error=End of file
