Using pre-set license
Built from '2020.2/release' branch; Version is '2020.2.0f1 (3721df5a8b28) revision 3613151'; Using compiler version '192528614'; Build Type 'Release'
OS: 'Windows 10  (10.0.0) 64bit' Language: 'en' Physical Memory: 16270 MB
BatchMode: 1, IsHumanControllingUs: 0, StartBugReporterOnCrash: 0, Is64bit: 1, IsPro: 0

 COMMAND LINE ARGUMENTS:
C:\Program Files\Unity\Hub\Editor\2020.2.0f1\Editor\Unity.exe
-adb2
-batchMode
-noUpm
-name
AssetImportWorker0
-projectPath
C:/Users/eric/Desktop/Game Programming 2021/Physics/Eric_Galway_GAME3002_A1
-logFile
Logs/AssetImportWorker0.log
-srvPort
58491
Successfully changed project path to: C:/Users/eric/Desktop/Game Programming 2021/Physics/Eric_Galway_GAME3002_A1
C:/Users/eric/Desktop/Game Programming 2021/Physics/Eric_Galway_GAME3002_A1
Using Asset Import Pipeline V2.
Refreshing native plugins compatible for Editor in 25.07 ms, found 0 plugins.
Preloading 0 native plugins for Editor in 0.00 ms.
Initialize engine version: 2020.2.0f1 (3721df5a8b28)
[Subsystems] Discovering subsystems at path C:/Program Files/Unity/Hub/Editor/2020.2.0f1/Editor/Data/Resources/UnitySubsystems
[Subsystems] Discovering subsystems at path C:/Users/eric/Desktop/Game Programming 2021/Physics/Eric_Galway_GAME3002_A1/Assets
GfxDevice: creating device client; threaded=0
Direct3D:
    Version:  Direct3D 11.0 [level 11.1]
    Renderer: NVIDIA GeForce GTX 1660 SUPER (ID=0x21c4)
    Vendor:   
    VRAM:     5991 MB
    Driver:   27.21.14.5671
Initialize mono
Mono path[0] = 'C:/Program Files/Unity/Hub/Editor/2020.2.0f1/Editor/Data/Managed'
Mono path[1] = 'C:/Program Files/Unity/Hub/Editor/2020.2.0f1/Editor/Data/MonoBleedingEdge/lib/mono/unityjit'
Mono config path = 'C:/Program Files/Unity/Hub/Editor/2020.2.0f1/Editor/Data/MonoBleedingEdge/etc'
Using monoOptions --debugger-agent=transport=dt_socket,embedding=1,server=y,suspend=n,address=127.0.0.1:56564
Begin MonoManager ReloadAssembly
Registering precompiled unity dll's ...
Register platform support module: C:/Program Files/Unity/Hub/Editor/2020.2.0f1/Editor/Data/PlaybackEngines/WindowsStandaloneSupport/UnityEditor.WindowsStandalone.Extensions.dll
Registered in 0.003034 seconds.
Native extension for WindowsStandalone target not found
Refreshing native plugins compatible for Editor in 23.69 ms, found 0 plugins.
Preloading 0 native plugins for Editor in 0.00 ms.
Invoked RoslynAnalysisRunner static constructor.
RoslynAnalysisRunner will not be running.
RoslynAnalysisRunner has terminated.
Mono: successfully reloaded assembly
- Completed reload, in  1.338 seconds
Platform modules already initialized, skipping
Registering precompiled user dll's ...
Registered in 0.000731 seconds.
Begin MonoManager ReloadAssembly
Native extension for WindowsStandalone target not found
Refreshing native plugins compatible for Editor in 0.27 ms, found 0 plugins.
Preloading 0 native plugins for Editor in 0.00 ms.
Invoked RoslynAnalysisRunner static constructor.
RoslynAnalysisRunner will not be running.
RoslynAnalysisRunner has terminated.
Mono: successfully reloaded assembly
- Completed reload, in  0.992 seconds
Platform modules already initialized, skipping
========================================================================
Worker process is ready to serve import requests
Launched and connected shader compiler UnityShaderCompiler.exe after 0.04 seconds
Refreshing native plugins compatible for Editor in 0.25 ms, found 0 plugins.
Preloading 0 native plugins for Editor in 0.00 ms.
Unloading 1113 Unused Serialized files (Serialized files now loaded: 0)
System memory in use before: 60.2 MB.
System memory in use after: 60.2 MB.

Unloading 10 unused Assets to reduce memory usage. Loaded Objects now: 1556.
Total: 1.933200 ms (FindLiveObjects: 0.219300 ms CreateObjectMapping: 0.058000 ms MarkObjects: 1.546300 ms  DeleteObjects: 0.108300 ms)

========================================================================
Received Import Request.
  path: Assets/Scrips/ArrowDirection.cs
  artifactKey: Guid(115bdb4083127d3479ec5b50488d6e03) Importer(815301076,1909f56bfc062723c751e8b465ee728b)
Start importing Assets/Scrips/ArrowDirection.cs using Guid(115bdb4083127d3479ec5b50488d6e03) Importer(815301076,1909f56bfc062723c751e8b465ee728b)  -> (artifact id: '10e9bb0c338d604f6bdec5e493cc5d47') in 0.033552 seconds
  Import took 0.035957 seconds .

========================================================================
Received Prepare
Registering precompiled user dll's ...
Registered in 0.001218 seconds.
Begin MonoManager ReloadAssembly
Native extension for WindowsStandalone target not found
Refreshing native plugins compatible for Editor in 0.26 ms, found 0 plugins.
Preloading 0 native plugins for Editor in 0.00 ms.
Invoked RoslynAnalysisRunner static constructor.
RoslynAnalysisRunner will not be running.
RoslynAnalysisRunner has terminated.
Mono: successfully reloaded assembly
- Completed reload, in  0.934 seconds
Platform modules already initialized, skipping
Refreshing native plugins compatible for Editor in 0.26 ms, found 0 plugins.
Preloading 0 native plugins for Editor in 0.00 ms.
Unloading 1095 Unused Serialized files (Serialized files now loaded: 0)
System memory in use before: 59.4 MB.
System memory in use after: 59.5 MB.

Unloading 5 unused Assets to reduce memory usage. Loaded Objects now: 1558.
Total: 2.861700 ms (FindLiveObjects: 0.234500 ms CreateObjectMapping: 0.061600 ms MarkObjects: 2.479300 ms  DeleteObjects: 0.084600 ms)

========================================================================
Received Import Request.
  Time since last request: 31.399120 seconds.
  path: Assets/Scrips/ArrowDirection.cs
  artifactKey: Guid(115bdb4083127d3479ec5b50488d6e03) Importer(815301076,1909f56bfc062723c751e8b465ee728b)
Start importing Assets/Scrips/ArrowDirection.cs using Guid(115bdb4083127d3479ec5b50488d6e03) Importer(815301076,1909f56bfc062723c751e8b465ee728b)  -> (artifact id: 'b390dff318d66c88b627b3b4f5329f16') in 0.005272 seconds
  Import took 0.007432 seconds .

========================================================================
Received Prepare
Registering precompiled user dll's ...
Registered in 0.001147 seconds.
Begin MonoManager ReloadAssembly
Native extension for WindowsStandalone target not found
Refreshing native plugins compatible for Editor in 0.64 ms, found 0 plugins.
Preloading 0 native plugins for Editor in 0.00 ms.
Invoked RoslynAnalysisRunner static constructor.
RoslynAnalysisRunner will not be running.
RoslynAnalysisRunner has terminated.
Mono: successfully reloaded assembly
- Completed reload, in  1.124 seconds
Platform modules already initialized, skipping
Refreshing native plugins compatible for Editor in 0.37 ms, found 0 plugins.
Preloading 0 native plugins for Editor in 0.00 ms.
Unloading 1095 Unused Serialized files (Serialized files now loaded: 0)
System memory in use before: 60.4 MB.
System memory in use after: 60.5 MB.

Unloading 5 unused Assets to reduce memory usage. Loaded Objects now: 1560.
Total: 2.280800 ms (FindLiveObjects: 0.251100 ms CreateObjectMapping: 0.068900 ms MarkObjects: 1.885300 ms  DeleteObjects: 0.074100 ms)

========================================================================
Received Prepare
Registering precompiled user dll's ...
Registered in 0.000780 seconds.
Begin MonoManager ReloadAssembly
Native extension for WindowsStandalone target not found
Refreshing native plugins compatible for Editor in 0.42 ms, found 0 plugins.
Preloading 0 native plugins for Editor in 0.00 ms.
Invoked RoslynAnalysisRunner static constructor.
RoslynAnalysisRunner will not be running.
RoslynAnalysisRunner has terminated.
Mono: successfully reloaded assembly
- Completed reload, in  1.010 seconds
Platform modules already initialized, skipping
Refreshing native plugins compatible for Editor in 0.27 ms, found 0 plugins.
Preloading 0 native plugins for Editor in 0.00 ms.
Unloading 1095 Unused Serialized files (Serialized files now loaded: 0)
System memory in use before: 60.3 MB.
System memory in use after: 60.4 MB.

Unloading 5 unused Assets to reduce memory usage. Loaded Objects now: 1562.
Total: 1.715900 ms (FindLiveObjects: 0.149000 ms CreateObjectMapping: 0.042100 ms MarkObjects: 1.446900 ms  DeleteObjects: 0.076900 ms)

========================================================================
Received Prepare
Registering precompiled user dll's ...
Registered in 0.001220 seconds.
Begin MonoManager ReloadAssembly
Native extension for WindowsStandalone target not found
Refreshing native plugins compatible for Editor in 0.41 ms, found 0 plugins.
Preloading 0 native plugins for Editor in 0.00 ms.
Invoked RoslynAnalysisRunner static constructor.
RoslynAnalysisRunner will not be running.
RoslynAnalysisRunner has terminated.
Mono: successfully reloaded assembly
- Completed reload, in  1.010 seconds
Platform modules already initialized, skipping
Refreshing native plugins compatible for Editor in 0.27 ms, found 0 plugins.
Preloading 0 native plugins for Editor in 0.00 ms.
Unloading 1095 Unused Serialized files (Serialized files now loaded: 0)
System memory in use before: 60.5 MB.
System memory in use after: 60.5 MB.

Unloading 5 unused Assets to reduce memory usage. Loaded Objects now: 1564.
Total: 1.710500 ms (FindLiveObjects: 0.140200 ms CreateObjectMapping: 0.041000 ms MarkObjects: 1.460600 ms  DeleteObjects: 0.067700 ms)

========================================================================
Received Prepare
Registering precompiled user dll's ...
Registered in 0.001142 seconds.
Begin MonoManager ReloadAssembly
Native extension for WindowsStandalone target not found
Refreshing native plugins compatible for Editor in 0.27 ms, found 0 plugins.
Preloading 0 native plugins for Editor in 0.00 ms.
Invoked RoslynAnalysisRunner static constructor.
RoslynAnalysisRunner will not be running.
RoslynAnalysisRunner has terminated.
Mono: successfully reloaded assembly
- Completed reload, in  0.918 seconds
Platform modules already initialized, skipping
Refreshing native plugins compatible for Editor in 0.31 ms, found 0 plugins.
Preloading 0 native plugins for Editor in 0.00 ms.
Unloading 1095 Unused Serialized files (Serialized files now loaded: 0)
System memory in use before: 60.5 MB.
System memory in use after: 60.5 MB.

Unloading 5 unused Assets to reduce memory usage. Loaded Objects now: 1566.
Total: 1.734200 ms (FindLiveObjects: 0.154900 ms CreateObjectMapping: 0.046700 ms MarkObjects: 1.460800 ms  DeleteObjects: 0.070400 ms)

AssetImportWorkerClient::OnTransportError - code=2 error=End of file
